<?xml version="1.0" encoding="UTF-8"?>
<testng-results skipped="0" failed="0" ignored="1" total="4" passed="3">
  <reporter-output>
  </reporter-output>
  <suite name=" sanity_Suite" duration-ms="31" started-at="2020-06-11T17:10:57Z" finished-at="2020-06-11T17:10:57Z">
    <groups>
      <group name="sanity">
        <method signature="TC_groups.TC_home_login()[pri:0, instance:Demo_testng.TC_groups@20ead579]" name="TC_home_login" class="Demo_testng.TC_groups"/>
        <method signature="TC_groups1.TC_login1()[pri:0, instance:Demo_testng.TC_groups1@1e7f19b4]" name="TC_login1" class="Demo_testng.TC_groups1"/>
      </group> <!-- sanity -->
    </groups>
    <test name="groups" duration-ms="20" started-at="2020-06-11T17:10:57Z" finished-at="2020-06-11T17:10:57Z">
      <class name="Demo_testng.TC_groups">
        <test-method status="PASS" signature="TC_home_login()[pri:0, instance:Demo_testng.TC_groups@20ead579]" name="TC_home_login" duration-ms="4" started-at="2020-06-11T17:10:57Z" finished-at="2020-06-11T17:10:57Z">
          <reporter-output>
          </reporter-output>
        </test-method> <!-- TC_home_login -->
      </class> <!-- Demo_testng.TC_groups -->
    </test> <!-- groups -->
    <test name="groups1" duration-ms="3" started-at="2020-06-11T17:10:57Z" finished-at="2020-06-11T17:10:57Z">
      <class name="Demo_testng.TC_groups1">
        <test-method status="PASS" signature="TC_login()[pri:0, instance:Demo_testng.TC_groups1@1e7f19b4]" name="TC_login" duration-ms="1" started-at="2020-06-11T17:10:57Z" finished-at="2020-06-11T17:10:57Z">
          <reporter-output>
          </reporter-output>
        </test-method> <!-- TC_login -->
        <test-method status="PASS" signature="TC_login1()[pri:0, instance:Demo_testng.TC_groups1@1e7f19b4]" name="TC_login1" duration-ms="1" started-at="2020-06-11T17:10:57Z" finished-at="2020-06-11T17:10:57Z">
          <reporter-output>
          </reporter-output>
        </test-method> <!-- TC_login1 -->
      </class> <!-- Demo_testng.TC_groups1 -->
    </test> <!-- groups1 -->
  </suite> <!--  sanity_Suite -->
</testng-results>
